execve("./sing", ["./sing", "1"], [/* 45 vars */]) = 0
brk(NULL)                               = 0xa99000
mmap(NULL, 4096, PROT_READ|PROT_WRITE, MAP_PRIVATE|MAP_ANONYMOUS, -1, 0) = 0x2b43376a8000
access("/etc/ld.so.preload", R_OK)      = -1 ENOENT (No such file or directory)
open("/etc/ld.so.cache", O_RDONLY|O_CLOEXEC) = 3
fstat(3, {st_mode=S_IFREG|0644, st_size=230584, ...}) = 0
mmap(NULL, 230584, PROT_READ, MAP_PRIVATE, 3, 0) = 0x2b43376a9000
close(3)                                = 0
open("/lib64/libc.so.6", O_RDONLY|O_CLOEXEC) = 3
read(3, "\177ELF\2\1\1\3\0\0\0\0\0\0\0\0\3\0>\0\1\0\0\0\20\35\2\0\0\0\0\0"..., 832) = 832
fstat(3, {st_mode=S_IFREG|0755, st_size=2127336, ...}) = 0
mmap(NULL, 3940800, PROT_READ|PROT_EXEC, MAP_PRIVATE|MAP_DENYWRITE, 3, 0) = 0x2b43378ab000
mprotect(0x2b4337a63000, 2097152, PROT_NONE) = 0
mmap(0x2b4337c63000, 24576, PROT_READ|PROT_WRITE, MAP_PRIVATE|MAP_FIXED|MAP_DENYWRITE, 3, 0x1b8000) = 0x2b4337c63000
mmap(0x2b4337c69000, 16832, PROT_READ|PROT_WRITE, MAP_PRIVATE|MAP_FIXED|MAP_ANONYMOUS, -1, 0) = 0x2b4337c69000
close(3)                                = 0
mmap(NULL, 4096, PROT_READ|PROT_WRITE, MAP_PRIVATE|MAP_ANONYMOUS, -1, 0) = 0x2b43376e2000
mmap(NULL, 8192, PROT_READ|PROT_WRITE, MAP_PRIVATE|MAP_ANONYMOUS, -1, 0) = 0x2b43376e3000
arch_prctl(ARCH_SET_FS, 0x2b43376e2b80) = 0
mprotect(0x2b4337c63000, 16384, PROT_READ) = 0
mprotect(0x600000, 4096, PROT_READ)     = 0
mprotect(0x2b43378a8000, 4096, PROT_READ) = 0
munmap(0x2b43376a9000, 230584)          = 0
fstat(1, {st_mode=S_IFCHR|0620, st_rdev=makedev(136, 0), ...}) = 0
mmap(NULL, 4096, PROT_READ|PROT_WRITE, MAP_PRIVATE|MAP_ANONYMOUS, -1, 0) = 0x2b43376a9000
write(1, "The Road goes ever on and on\n", 29) = 29
write(1, "Down from the door where it bega"..., 35) = 35
write(1, "Now far ahead the Road has gone,"..., 33) = 33
write(1, "And I must follow, if I can,\n", 29) = 29
write(1, "Pursuing it with eager feet,\n", 29) = 29
write(1, "Until it joins some larger way,\n", 32) = 32
write(1, "Where many paths and errands mee"..., 35) = 35
write(1, "And whither then? I cannot say.\n", 32) = 32
write(1, "-Bilbo, The Lord of the Rings\n", 30) = 30
exit_group(0)                           = ?
+++ exited with 0 +++
